2022.09.19 23:34:05 INFO  tracing is disabled for protocol LSP, to enable tracing of incoming and outgoing JSON messages create an empty file at /Users/nisura/Desktop/University/SCS2204-FunctionalProgramming/SCS2204FunctionalProgramming/Tutorial 8/.metals/lsp.trace.json or /Users/nisura/Library/Caches/org.scalameta.metals/lsp.trace.json[0m
2022.09.19 23:34:06 INFO  logging to file /Users/nisura/Desktop/University/SCS2204-FunctionalProgramming/SCS2204FunctionalProgramming/Tutorial 8/.metals/metals.log[0m
2022.09.19 23:34:06 INFO  Started: Metals version 0.11.8 in workspace '/Users/nisura/Desktop/University/SCS2204-FunctionalProgramming/SCS2204FunctionalProgramming/Tutorial 8' for client Visual Studio Code 1.71.2.[0m
2022.09.19 23:34:07 WARN  Flyway upgrade recommended: H2 2.1.214 is newer than this version of Flyway and support has not been tested. The latest supported version of H2 is 2.1.210.[0m
2022.09.19 23:34:08 INFO  time: initialize in 2.2s[0m
2022.09.19 23:34:15 WARN  Build server is not auto-connectable.[0m
2022.09.19 23:34:15 WARN  no build tool detected in workspace '/Users/nisura/Desktop/University/SCS2204-FunctionalProgramming/SCS2204FunctionalProgramming/Tutorial 8'. The most common cause for this problem is that the editor was opened in the wrong working directory, for example if you use sbt then the workspace directory should contain build.sbt. [0m
2022.09.19 23:34:15 WARN  no build target for: /Users/nisura/Desktop/University/SCS2204-FunctionalProgramming/SCS2204FunctionalProgramming/Tutorial 8/1.scala[0m
2022.09.19 23:34:26 INFO  no build target found for /Users/nisura/Desktop/University/SCS2204-FunctionalProgramming/SCS2204FunctionalProgramming/Tutorial 8/1.scala. Using presentation compiler with project's scala-library version: 3.1.3[0m
2022.09.19 23:34:30 INFO  time: code lens generation in 13s[0m
2022.09.19 23:34:41 WARN  no build target for: /Users/nisura/Desktop/University/SCS2204-FunctionalProgramming/SCS2204FunctionalProgramming/Tutorial 8/1.scala[0m
2022.09.19 23:38:13 INFO  shutting down Metals[0m
2022.09.20 07:28:36 INFO  tracing is disabled for protocol LSP, to enable tracing of incoming and outgoing JSON messages create an empty file at /Users/nisura/Desktop/University/SCS2204-FunctionalProgramming/SCS2204FunctionalProgramming/Tutorial 8/.metals/lsp.trace.json or /Users/nisura/Library/Caches/org.scalameta.metals/lsp.trace.json
2022.09.20 07:28:37 INFO  logging to file /Users/nisura/Desktop/University/SCS2204-FunctionalProgramming/SCS2204FunctionalProgramming/Tutorial 8/.metals/metals.log
2022.09.20 07:28:37 INFO  Started: Metals version 0.11.8 in workspace '/Users/nisura/Desktop/University/SCS2204-FunctionalProgramming/SCS2204FunctionalProgramming/Tutorial 8' for client Visual Studio Code 1.71.2.
2022.09.20 07:28:38 WARN  Flyway upgrade recommended: H2 2.1.214 is newer than this version of Flyway and support has not been tested. The latest supported version of H2 is 2.1.210.
2022.09.20 07:28:39 INFO  time: initialize in 2.27s
2022.09.20 07:28:48 WARN  Build server is not auto-connectable.
2022.09.20 07:28:48 WARN  no build tool detected in workspace '/Users/nisura/Desktop/University/SCS2204-FunctionalProgramming/SCS2204FunctionalProgramming/Tutorial 8'. The most common cause for this problem is that the editor was opened in the wrong working directory, for example if you use sbt then the workspace directory should contain build.sbt. 
2022.09.20 07:28:48 WARN  no build target for: /Users/nisura/Desktop/University/SCS2204-FunctionalProgramming/SCS2204FunctionalProgramming/Tutorial 8/1.scala
Sep 20, 2022 7:28:48 AM org.eclipse.lsp4j.jsonrpc.RemoteEndpoint handleCancellation
WARNING: Unmatched cancel notification for request id 1
Sep 20, 2022 7:28:48 AM org.eclipse.lsp4j.jsonrpc.services.GenericEndpoint notify
INFO: Unsupported notification method: $/setTrace
Sep 20, 2022 7:28:48 AM org.eclipse.lsp4j.jsonrpc.services.GenericEndpoint notify
INFO: Unsupported notification method: $/setTrace
Sep 20, 2022 7:28:48 AM org.eclipse.lsp4j.jsonrpc.services.GenericEndpoint notify
INFO: Unsupported notification method: $/setTrace
Sep 20, 2022 7:28:48 AM org.eclipse.lsp4j.jsonrpc.services.GenericEndpoint notify
INFO: Unsupported notification method: $/setTrace
Sep 20, 2022 7:28:48 AM org.eclipse.lsp4j.jsonrpc.services.GenericEndpoint notify
INFO: Unsupported notification method: $/setTrace
Sep 20, 2022 7:28:48 AM org.eclipse.lsp4j.jsonrpc.services.GenericEndpoint notify
INFO: Unsupported notification method: $/setTrace
Sep 20, 2022 7:28:49 AM org.eclipse.lsp4j.jsonrpc.services.GenericEndpoint notify
INFO: Unsupported notification method: $/setTrace
Sep 20, 2022 7:28:49 AM org.eclipse.lsp4j.jsonrpc.services.GenericEndpoint notify
INFO: Unsupported notification method: $/setTrace
Sep 20, 2022 7:28:49 AM org.eclipse.lsp4j.jsonrpc.services.GenericEndpoint notify
INFO: Unsupported notification method: $/setTrace
Sep 20, 2022 7:28:49 AM org.eclipse.lsp4j.jsonrpc.services.GenericEndpoint notify
INFO: Unsupported notification method: $/setTrace
Sep 20, 2022 7:28:49 AM org.eclipse.lsp4j.jsonrpc.services.GenericEndpoint notify
INFO: Unsupported notification method: $/setTrace
Sep 20, 2022 7:28:49 AM org.eclipse.lsp4j.jsonrpc.services.GenericEndpoint notify
INFO: Unsupported notification method: $/setTrace
Sep 20, 2022 7:28:49 AM org.eclipse.lsp4j.jsonrpc.services.GenericEndpoint notify
INFO: Unsupported notification method: $/setTrace
Sep 20, 2022 7:28:49 AM org.eclipse.lsp4j.jsonrpc.services.GenericEndpoint notify
INFO: Unsupported notification method: $/setTrace
Sep 20, 2022 7:28:49 AM org.eclipse.lsp4j.jsonrpc.services.GenericEndpoint notify
INFO: Unsupported notification method: $/setTrace
Sep 20, 2022 7:28:49 AM org.eclipse.lsp4j.jsonrpc.services.GenericEndpoint notify
INFO: Unsupported notification method: $/setTrace
Sep 20, 2022 7:28:49 AM org.eclipse.lsp4j.jsonrpc.services.GenericEndpoint notify
INFO: Unsupported notification method: $/setTrace
Sep 20, 2022 7:28:49 AM org.eclipse.lsp4j.jsonrpc.services.GenericEndpoint notify
INFO: Unsupported notification method: $/setTrace
Sep 20, 2022 7:28:49 AM org.eclipse.lsp4j.jsonrpc.services.GenericEndpoint notify
INFO: Unsupported notification method: $/setTrace
Sep 20, 2022 7:28:49 AM org.eclipse.lsp4j.jsonrpc.services.GenericEndpoint notify
INFO: Unsupported notification method: $/setTrace
Sep 20, 2022 7:28:49 AM org.eclipse.lsp4j.jsonrpc.services.GenericEndpoint notify
INFO: Unsupported notification method: $/setTrace
Sep 20, 2022 7:28:49 AM org.eclipse.lsp4j.jsonrpc.services.GenericEndpoint notify
INFO: Unsupported notification method: $/setTrace
Sep 20, 2022 7:28:49 AM org.eclipse.lsp4j.jsonrpc.services.GenericEndpoint notify
INFO: Unsupported notification method: $/setTrace
Sep 20, 2022 7:28:49 AM org.eclipse.lsp4j.jsonrpc.services.GenericEndpoint notify
INFO: Unsupported notification method: $/setTrace
Sep 20, 2022 7:28:49 AM org.eclipse.lsp4j.jsonrpc.services.GenericEndpoint notify
INFO: Unsupported notification method: $/setTrace
Sep 20, 2022 7:28:49 AM org.eclipse.lsp4j.jsonrpc.services.GenericEndpoint notify
INFO: Unsupported notification method: $/setTrace
Sep 20, 2022 7:28:49 AM org.eclipse.lsp4j.jsonrpc.services.GenericEndpoint notify
INFO: Unsupported notification method: $/setTrace
Sep 20, 2022 7:28:49 AM org.eclipse.lsp4j.jsonrpc.services.GenericEndpoint notify
INFO: Unsupported notification method: $/setTrace
Sep 20, 2022 7:28:49 AM org.eclipse.lsp4j.jsonrpc.services.GenericEndpoint notify
INFO: Unsupported notification method: $/setTrace
Sep 20, 2022 7:28:49 AM org.eclipse.lsp4j.jsonrpc.services.GenericEndpoint notify
INFO: Unsupported notification method: $/setTrace
Sep 20, 2022 7:28:49 AM org.eclipse.lsp4j.jsonrpc.services.GenericEndpoint notify
INFO: Unsupported notification method: $/setTrace
Sep 20, 2022 7:28:49 AM org.eclipse.lsp4j.jsonrpc.services.GenericEndpoint notify
INFO: Unsupported notification method: $/setTrace
Sep 20, 2022 7:28:49 AM org.eclipse.lsp4j.jsonrpc.services.GenericEndpoint notify
INFO: Unsupported notification method: $/setTrace
Sep 20, 2022 7:28:49 AM org.eclipse.lsp4j.jsonrpc.services.GenericEndpoint notify
INFO: Unsupported notification method: $/setTrace
Sep 20, 2022 7:28:59 AM org.eclipse.lsp4j.jsonrpc.services.GenericEndpoint notify
INFO: Unsupported notification method: $/setTrace
2022.09.20 07:28:59 INFO  no build target found for /Users/nisura/Desktop/University/SCS2204-FunctionalProgramming/SCS2204FunctionalProgramming/Tutorial 8/1.scala. Using presentation compiler with project's scala-library version: 3.1.3
2022.09.20 07:29:03 INFO  time: code lens generation in 15s
2022.09.20 07:32:39 WARN  no build target for: /Users/nisura/Desktop/University/SCS2204-FunctionalProgramming/SCS2204FunctionalProgramming/Tutorial 8/1.scala
2022.09.20 07:33:41 WARN  no build target for: /Users/nisura/Desktop/University/SCS2204-FunctionalProgramming/SCS2204FunctionalProgramming/Tutorial 8/1.scala
2022.09.20 07:34:04 WARN  no build target for: /Users/nisura/Desktop/University/SCS2204-FunctionalProgramming/SCS2204FunctionalProgramming/Tutorial 8/1.scala
Sep 20, 2022 7:34:19 AM org.eclipse.lsp4j.jsonrpc.services.GenericEndpoint notify
INFO: Unsupported notification method: $/setTrace
2022.09.20 07:34:23 WARN  no build target for: /Users/nisura/Desktop/University/SCS2204-FunctionalProgramming/SCS2204FunctionalProgramming/Tutorial 8/1.scala
2022.09.20 07:34:23 WARN  no build target for: /Users/nisura/Desktop/University/SCS2204-FunctionalProgramming/SCS2204FunctionalProgramming/Tutorial 8/1.scala
2022.09.20 07:34:23 WARN  no build target for: /Users/nisura/Desktop/University/SCS2204-FunctionalProgramming/SCS2204FunctionalProgramming/Tutorial 8/1.scala
