2022.08.03 00:19:11 INFO  tracing is disabled for protocol LSP, to enable tracing of incoming and outgoing JSON messages create an empty file at /Users/nisura/Desktop/untitled folder/SCS2204FunctionalProgramming/.metals/lsp.trace.json or /Users/nisura/Library/Caches/org.scalameta.metals/lsp.trace.json
2022.08.03 00:19:11 INFO  logging to file /Users/nisura/Desktop/untitled folder/SCS2204FunctionalProgramming/.metals/metals.log
2022.08.03 00:19:11 INFO  Started: Metals version 0.11.7 in workspace '/Users/nisura/Desktop/untitled folder/SCS2204FunctionalProgramming' for client Visual Studio Code 1.69.2.
2022.08.03 00:19:17 INFO  time: initialize in 5.54s
2022.08.03 00:19:17 WARN  Flyway upgrade recommended: H2 2.1.214 is newer than this version of Flyway and support has not been tested. The latest supported version of H2 is 2.1.210.
2022.08.03 00:19:17 WARN  Build server is not auto-connectable.
2022.08.03 00:19:17 WARN  no build tool detected in workspace '/Users/nisura/Desktop/untitled folder/SCS2204FunctionalProgramming'. The most common cause for this problem is that the editor was opened in the wrong working directory, for example if you use sbt then the workspace directory should contain build.sbt. 
2022.08.03 00:19:19 WARN  no build target for: /Users/nisura/Desktop/untitled folder/SCS2204FunctionalProgramming/Tutorial 4/3.scala
Aug 03, 2022 12:19:20 AM org.eclipse.lsp4j.jsonrpc.RemoteEndpoint handleCancellation
WARNING: Unmatched cancel notification for request id 1
2022.08.03 00:19:34 INFO  no build target found for /Users/nisura/Desktop/untitled folder/SCS2204FunctionalProgramming/Tutorial 4/3.scala. Using presentation compiler with project's scala-library version: 3.1.3
2022.08.03 00:19:37 INFO  time: code lens generation in 17s
2022.08.03 00:19:37 INFO  time: code lens generation in 17s
2022.08.03 00:26:00 WARN  no build target for: /Users/nisura/Desktop/untitled folder/SCS2204FunctionalProgramming/Tutorial 4/3.scala
Aug 03, 2022 12:26:00 AM org.eclipse.lsp4j.jsonrpc.RemoteEndpoint fallbackResponseError
SEVERE: Internal error: scala.meta.internal.metals.debug.BuildTargetNotFoundForPathException: No build target could be found for the path: /Users/nisura/Desktop/untitled folder/SCS2204FunctionalProgramming/Tutorial 4/3.scala
java.util.concurrent.CompletionException: scala.meta.internal.metals.debug.BuildTargetNotFoundForPathException: No build target could be found for the path: /Users/nisura/Desktop/untitled folder/SCS2204FunctionalProgramming/Tutorial 4/3.scala
	at java.util.concurrent.CompletableFuture.encodeThrowable(CompletableFuture.java:292)
	at java.util.concurrent.CompletableFuture.completeThrowable(CompletableFuture.java:308)
	at java.util.concurrent.CompletableFuture.uniAccept(CompletableFuture.java:661)
	at java.util.concurrent.CompletableFuture$UniAccept.tryFire(CompletableFuture.java:646)
	at java.util.concurrent.CompletableFuture.uniAcceptStage(CompletableFuture.java:686)
	at java.util.concurrent.CompletableFuture.thenAcceptAsync(CompletableFuture.java:2014)
	at scala.concurrent.java8.FuturesConvertersImpl$CF.thenAccept(FutureConvertersImpl.scala:37)
	at org.eclipse.lsp4j.jsonrpc.RemoteEndpoint.handleRequest(RemoteEndpoint.java:279)
	at org.eclipse.lsp4j.jsonrpc.RemoteEndpoint.consume(RemoteEndpoint.java:190)
	at org.eclipse.lsp4j.jsonrpc.json.StreamMessageProducer.handleMessage(StreamMessageProducer.java:194)
	at org.eclipse.lsp4j.jsonrpc.json.StreamMessageProducer.listen(StreamMessageProducer.java:94)
	at org.eclipse.lsp4j.jsonrpc.json.ConcurrentMessageProcessor.run(ConcurrentMessageProcessor.java:113)
	at java.util.concurrent.Executors$RunnableAdapter.call(Executors.java:511)
	at java.util.concurrent.FutureTask.run(FutureTask.java:266)
	at java.util.concurrent.ThreadPoolExecutor.runWorker(ThreadPoolExecutor.java:1149)
	at java.util.concurrent.ThreadPoolExecutor$Worker.run(ThreadPoolExecutor.java:624)
	at java.lang.Thread.run(Thread.java:748)
Caused by: scala.meta.internal.metals.debug.BuildTargetNotFoundForPathException: No build target could be found for the path: /Users/nisura/Desktop/untitled folder/SCS2204FunctionalProgramming/Tutorial 4/3.scala
	at scala.meta.internal.metals.debug.DebugProvider.debugDiscovery(DebugProvider.scala:398)
	at scala.meta.internal.metals.MetalsLanguageServer.executeCommand(MetalsLanguageServer.scala:1882)
	at sun.reflect.NativeMethodAccessorImpl.invoke0(Native Method)
	at sun.reflect.NativeMethodAccessorImpl.invoke(NativeMethodAccessorImpl.java:62)
	at sun.reflect.DelegatingMethodAccessorImpl.invoke(DelegatingMethodAccessorImpl.java:43)
	at java.lang.reflect.Method.invoke(Method.java:498)
	at org.eclipse.lsp4j.jsonrpc.services.GenericEndpoint.lambda$null$0(GenericEndpoint.java:65)
	at org.eclipse.lsp4j.jsonrpc.services.GenericEndpoint.request(GenericEndpoint.java:120)
	at org.eclipse.lsp4j.jsonrpc.RemoteEndpoint.handleRequest(RemoteEndpoint.java:261)
	... 9 more

2022.08.03 00:26:10 WARN  no build target for: /Users/nisura/Desktop/untitled folder/SCS2204FunctionalProgramming/Tutorial 4/3.scala
Aug 03, 2022 12:26:10 AM org.eclipse.lsp4j.jsonrpc.RemoteEndpoint fallbackResponseError
SEVERE: Internal error: scala.meta.internal.metals.debug.BuildTargetNotFoundForPathException: No build target could be found for the path: /Users/nisura/Desktop/untitled folder/SCS2204FunctionalProgramming/Tutorial 4/3.scala
java.util.concurrent.CompletionException: scala.meta.internal.metals.debug.BuildTargetNotFoundForPathException: No build target could be found for the path: /Users/nisura/Desktop/untitled folder/SCS2204FunctionalProgramming/Tutorial 4/3.scala
	at java.util.concurrent.CompletableFuture.encodeThrowable(CompletableFuture.java:292)
	at java.util.concurrent.CompletableFuture.completeThrowable(CompletableFuture.java:308)
	at java.util.concurrent.CompletableFuture.uniAccept(CompletableFuture.java:661)
	at java.util.concurrent.CompletableFuture$UniAccept.tryFire(CompletableFuture.java:646)
	at java.util.concurrent.CompletableFuture.uniAcceptStage(CompletableFuture.java:686)
	at java.util.concurrent.CompletableFuture.thenAcceptAsync(CompletableFuture.java:2014)
	at scala.concurrent.java8.FuturesConvertersImpl$CF.thenAccept(FutureConvertersImpl.scala:37)
	at org.eclipse.lsp4j.jsonrpc.RemoteEndpoint.handleRequest(RemoteEndpoint.java:279)
	at org.eclipse.lsp4j.jsonrpc.RemoteEndpoint.consume(RemoteEndpoint.java:190)
	at org.eclipse.lsp4j.jsonrpc.json.StreamMessageProducer.handleMessage(StreamMessageProducer.java:194)
	at org.eclipse.lsp4j.jsonrpc.json.StreamMessageProducer.listen(StreamMessageProducer.java:94)
	at org.eclipse.lsp4j.jsonrpc.json.ConcurrentMessageProcessor.run(ConcurrentMessageProcessor.java:113)
	at java.util.concurrent.Executors$RunnableAdapter.call(Executors.java:511)
	at java.util.concurrent.FutureTask.run(FutureTask.java:266)
	at java.util.concurrent.ThreadPoolExecutor.runWorker(ThreadPoolExecutor.java:1149)
	at java.util.concurrent.ThreadPoolExecutor$Worker.run(ThreadPoolExecutor.java:624)
	at java.lang.Thread.run(Thread.java:748)
Caused by: scala.meta.internal.metals.debug.BuildTargetNotFoundForPathException: No build target could be found for the path: /Users/nisura/Desktop/untitled folder/SCS2204FunctionalProgramming/Tutorial 4/3.scala
	at scala.meta.internal.metals.debug.DebugProvider.debugDiscovery(DebugProvider.scala:398)
	at scala.meta.internal.metals.MetalsLanguageServer.executeCommand(MetalsLanguageServer.scala:1882)
	at sun.reflect.NativeMethodAccessorImpl.invoke0(Native Method)
	at sun.reflect.NativeMethodAccessorImpl.invoke(NativeMethodAccessorImpl.java:62)
	at sun.reflect.DelegatingMethodAccessorImpl.invoke(DelegatingMethodAccessorImpl.java:43)
	at java.lang.reflect.Method.invoke(Method.java:498)
	at org.eclipse.lsp4j.jsonrpc.services.GenericEndpoint.lambda$null$0(GenericEndpoint.java:65)
	at org.eclipse.lsp4j.jsonrpc.services.GenericEndpoint.request(GenericEndpoint.java:120)
	at org.eclipse.lsp4j.jsonrpc.RemoteEndpoint.handleRequest(RemoteEndpoint.java:261)
	... 9 more

2022.08.03 00:26:28 WARN  no build target for: /Users/nisura/Desktop/untitled folder/SCS2204FunctionalProgramming/Tutorial 4/3.scala
Aug 03, 2022 12:26:28 AM org.eclipse.lsp4j.jsonrpc.RemoteEndpoint fallbackResponseError
SEVERE: Internal error: scala.meta.internal.metals.debug.BuildTargetNotFoundForPathException: No build target could be found for the path: /Users/nisura/Desktop/untitled folder/SCS2204FunctionalProgramming/Tutorial 4/3.scala
java.util.concurrent.CompletionException: scala.meta.internal.metals.debug.BuildTargetNotFoundForPathException: No build target could be found for the path: /Users/nisura/Desktop/untitled folder/SCS2204FunctionalProgramming/Tutorial 4/3.scala
	at java.util.concurrent.CompletableFuture.encodeThrowable(CompletableFuture.java:292)
	at java.util.concurrent.CompletableFuture.completeThrowable(CompletableFuture.java:308)
	at java.util.concurrent.CompletableFuture.uniAccept(CompletableFuture.java:661)
	at java.util.concurrent.CompletableFuture$UniAccept.tryFire(CompletableFuture.java:646)
	at java.util.concurrent.CompletableFuture.uniAcceptStage(CompletableFuture.java:686)
	at java.util.concurrent.CompletableFuture.thenAcceptAsync(CompletableFuture.java:2014)
	at scala.concurrent.java8.FuturesConvertersImpl$CF.thenAccept(FutureConvertersImpl.scala:37)
	at org.eclipse.lsp4j.jsonrpc.RemoteEndpoint.handleRequest(RemoteEndpoint.java:279)
	at org.eclipse.lsp4j.jsonrpc.RemoteEndpoint.consume(RemoteEndpoint.java:190)
	at org.eclipse.lsp4j.jsonrpc.json.StreamMessageProducer.handleMessage(StreamMessageProducer.java:194)
	at org.eclipse.lsp4j.jsonrpc.json.StreamMessageProducer.listen(StreamMessageProducer.java:94)
	at org.eclipse.lsp4j.jsonrpc.json.ConcurrentMessageProcessor.run(ConcurrentMessageProcessor.java:113)
	at java.util.concurrent.Executors$RunnableAdapter.call(Executors.java:511)
	at java.util.concurrent.FutureTask.run(FutureTask.java:266)
	at java.util.concurrent.ThreadPoolExecutor.runWorker(ThreadPoolExecutor.java:1149)
	at java.util.concurrent.ThreadPoolExecutor$Worker.run(ThreadPoolExecutor.java:624)
	at java.lang.Thread.run(Thread.java:748)
Caused by: scala.meta.internal.metals.debug.BuildTargetNotFoundForPathException: No build target could be found for the path: /Users/nisura/Desktop/untitled folder/SCS2204FunctionalProgramming/Tutorial 4/3.scala
	at scala.meta.internal.metals.debug.DebugProvider.debugDiscovery(DebugProvider.scala:398)
	at scala.meta.internal.metals.MetalsLanguageServer.executeCommand(MetalsLanguageServer.scala:1882)
	at sun.reflect.NativeMethodAccessorImpl.invoke0(Native Method)
	at sun.reflect.NativeMethodAccessorImpl.invoke(NativeMethodAccessorImpl.java:62)
	at sun.reflect.DelegatingMethodAccessorImpl.invoke(DelegatingMethodAccessorImpl.java:43)
	at java.lang.reflect.Method.invoke(Method.java:498)
	at org.eclipse.lsp4j.jsonrpc.services.GenericEndpoint.lambda$null$0(GenericEndpoint.java:65)
	at org.eclipse.lsp4j.jsonrpc.services.GenericEndpoint.request(GenericEndpoint.java:120)
	at org.eclipse.lsp4j.jsonrpc.RemoteEndpoint.handleRequest(RemoteEndpoint.java:261)
	... 9 more

2022.08.03 00:27:09 WARN  no build target for: /Users/nisura/Desktop/untitled folder/SCS2204FunctionalProgramming/Tutorial 4/3.scala
2022.08.03 00:27:31 WARN  no build target for: /Users/nisura/Desktop/untitled folder/SCS2204FunctionalProgramming/Tutorial 4/3.scala
2022.08.03 00:28:06 WARN  no build target for: /Users/nisura/Desktop/untitled folder/SCS2204FunctionalProgramming/Tutorial 4/3.scala
Aug 03, 2022 12:28:06 AM org.eclipse.lsp4j.jsonrpc.RemoteEndpoint handleCancellation
WARNING: Unmatched cancel notification for request id 100
2022.08.03 00:28:47 WARN  no build target for: /Users/nisura/Desktop/untitled folder/SCS2204FunctionalProgramming/Tutorial 4/3.scala
Exception in thread "pool-3-thread-1" java.lang.Error: java.lang.InterruptedException
	at java.util.concurrent.ThreadPoolExecutor.runWorker(ThreadPoolExecutor.java:1155)
	at java.util.concurrent.ThreadPoolExecutor$Worker.run(ThreadPoolExecutor.java:624)
	at java.lang.Thread.run(Thread.java:748)
Caused by: java.lang.InterruptedException
	at scala.meta.internal.metals.FutureCancelToken.checkCanceled(FutureCancelToken.scala:29)
	at scala.meta.internal.pc.CompilerAccess.onCompilerJobQueue$$anonfun$1(CompilerAccess.scala:196)
	at scala.meta.internal.pc.CompilerJobQueue$Job.run(CompilerJobQueue.scala:152)
	at java.util.concurrent.ThreadPoolExecutor.runWorker(ThreadPoolExecutor.java:1149)
	... 2 more
2022.08.03 00:28:47 WARN  no build target for: /Users/nisura/Desktop/untitled folder/SCS2204FunctionalProgramming/Tutorial 4/3.scala
Aug 03, 2022 12:28:47 AM org.eclipse.lsp4j.jsonrpc.RemoteEndpoint handleCancellation
WARNING: Unmatched cancel notification for request id 113
2022.08.03 00:29:56 WARN  no build target for: /Users/nisura/Desktop/untitled folder/SCS2204FunctionalProgramming/Tutorial 4/3.scala
2022.08.03 00:30:19 WARN  no build target for: /Users/nisura/Desktop/untitled folder/SCS2204FunctionalProgramming/Tutorial 4/3.scala
2022.08.03 00:30:19 WARN  no build target for: /Users/nisura/Desktop/untitled folder/SCS2204FunctionalProgramming/Tutorial 4/3.scala
2022.08.03 00:31:49 WARN  no build target for: /Users/nisura/Desktop/untitled folder/SCS2204FunctionalProgramming/Tutorial 4/3.scala
2022.08.03 00:31:49 WARN  no build target for: /Users/nisura/Desktop/untitled folder/SCS2204FunctionalProgramming/Tutorial 4/3.scala
2022.08.03 00:32:53 WARN  no build target for: /Users/nisura/Desktop/untitled folder/SCS2204FunctionalProgramming/Tutorial 4/3.scala
2022.08.03 00:32:57 WARN  no build target for: /Users/nisura/Desktop/untitled folder/SCS2204FunctionalProgramming/Tutorial 4/3.scala
2022.08.03 00:33:43 WARN  no build target for: /Users/nisura/Desktop/untitled folder/SCS2204FunctionalProgramming/Tutorial 4/3.scala
2022.08.03 00:34:06 WARN  no build target for: /Users/nisura/Desktop/untitled folder/SCS2204FunctionalProgramming/Tutorial 4/3.scala
2022.08.03 00:34:39 WARN  no build target for: /Users/nisura/Desktop/untitled folder/SCS2204FunctionalProgramming/Tutorial 4/3.scala
2022.08.03 00:34:53 WARN  no build target for: /Users/nisura/Desktop/untitled folder/SCS2204FunctionalProgramming/Tutorial 4/3.scala
2022.08.03 00:35:05 WARN  no build target for: /Users/nisura/Desktop/untitled folder/SCS2204FunctionalProgramming/Tutorial 4/3.scala
2022.08.03 00:35:05 WARN  no build target for: /Users/nisura/Desktop/untitled folder/SCS2204FunctionalProgramming/Tutorial 4/3.scala
2022.08.03 00:36:44 WARN  no build target for: /Users/nisura/Desktop/untitled folder/SCS2204FunctionalProgramming/Tutorial 4/3.scala
2022.08.03 00:36:49 WARN  no build target for: /Users/nisura/Desktop/untitled folder/SCS2204FunctionalProgramming/Tutorial 4/3.scala
2022.08.03 00:39:58 WARN  no build target for: /Users/nisura/Desktop/untitled folder/SCS2204FunctionalProgramming/Tutorial 4/3.scala
2022.08.03 00:41:57 WARN  no build target for: /Users/nisura/Desktop/untitled folder/SCS2204FunctionalProgramming/Tutorial 4/3.scala
Aug 03, 2022 12:43:44 AM org.eclipse.lsp4j.jsonrpc.RemoteEndpoint handleCancellation
WARNING: Unmatched cancel notification for request id 461
2022.08.03 00:44:37 WARN  no build target for: /Users/nisura/Desktop/untitled folder/SCS2204FunctionalProgramming/Tutorial 4/3.scala
Aug 03, 2022 12:45:42 AM org.eclipse.lsp4j.jsonrpc.RemoteEndpoint handleCancellation
WARNING: Unmatched cancel notification for request id 657
Downloading https://repo1.maven.org/maven2/org/scalameta/scalafmt-core_2.13/3.5.3/scalafmt-core_2.13-3.5.3.pom
Downloaded https://repo1.maven.org/maven2/org/scalameta/scalafmt-core_2.13/3.5.3/scalafmt-core_2.13-3.5.3.pom
Downloading https://repo1.maven.org/maven2/org/scalameta/scalameta_2.13/4.5.5/scalameta_2.13-4.5.5.pom
Downloading https://repo1.maven.org/maven2/org/scalameta/scalafmt-config_2.13/3.5.3/scalafmt-config_2.13-3.5.3.pom
Downloading https://repo1.maven.org/maven2/org/scalameta/scalafmt-sysops_2.13/3.5.3/scalafmt-sysops_2.13-3.5.3.pom
Downloaded https://repo1.maven.org/maven2/org/scalameta/scalameta_2.13/4.5.5/scalameta_2.13-4.5.5.pom
Downloaded https://repo1.maven.org/maven2/org/scalameta/scalafmt-config_2.13/3.5.3/scalafmt-config_2.13-3.5.3.pom
Downloaded https://repo1.maven.org/maven2/org/scalameta/scalafmt-sysops_2.13/3.5.3/scalafmt-sysops_2.13-3.5.3.pom
Downloading https://repo1.maven.org/maven2/org/scalameta/parsers_2.13/4.5.5/parsers_2.13-4.5.5.pom
Downloaded https://repo1.maven.org/maven2/org/scalameta/parsers_2.13/4.5.5/parsers_2.13-4.5.5.pom
Downloading https://repo1.maven.org/maven2/org/scalameta/trees_2.13/4.5.5/trees_2.13-4.5.5.pom
Downloading https://repo1.maven.org/maven2/com/typesafe/config/1.4.1/config-1.4.1.pom
Downloaded https://repo1.maven.org/maven2/com/typesafe/config/1.4.1/config-1.4.1.pom
Downloaded https://repo1.maven.org/maven2/org/scalameta/trees_2.13/4.5.5/trees_2.13-4.5.5.pom
Downloading https://repo1.maven.org/maven2/org/scalameta/common_2.13/4.5.5/common_2.13-4.5.5.pom
Downloaded https://repo1.maven.org/maven2/org/scalameta/common_2.13/4.5.5/common_2.13-4.5.5.pom
Downloading https://repo1.maven.org/maven2/org/scalameta/scalafmt-core_2.13/3.5.3/scalafmt-core_2.13-3.5.3.jar
Downloading https://repo1.maven.org/maven2/org/scalameta/scalafmt-config_2.13/3.5.3/scalafmt-config_2.13-3.5.3.jar
Downloading https://repo1.maven.org/maven2/org/scalameta/trees_2.13/4.5.5/trees_2.13-4.5.5.jar
Downloading https://repo1.maven.org/maven2/org/scalameta/scalameta_2.13/4.5.5/scalameta_2.13-4.5.5.jar
Downloading https://repo1.maven.org/maven2/org/scalameta/parsers_2.13/4.5.5/parsers_2.13-4.5.5.jar
Downloading https://repo1.maven.org/maven2/org/scalameta/scalafmt-sysops_2.13/3.5.3/scalafmt-sysops_2.13-3.5.3.jar
Downloaded https://repo1.maven.org/maven2/org/scalameta/scalafmt-config_2.13/3.5.3/scalafmt-config_2.13-3.5.3.jar
Downloading https://repo1.maven.org/maven2/com/typesafe/config/1.4.1/config-1.4.1.jar
Downloaded https://repo1.maven.org/maven2/org/scalameta/scalafmt-sysops_2.13/3.5.3/scalafmt-sysops_2.13-3.5.3.jar
Downloading https://repo1.maven.org/maven2/org/scalameta/common_2.13/4.5.5/common_2.13-4.5.5.jar
Downloaded https://repo1.maven.org/maven2/com/typesafe/config/1.4.1/config-1.4.1.jar
Downloaded https://repo1.maven.org/maven2/org/scalameta/parsers_2.13/4.5.5/parsers_2.13-4.5.5.jar
Downloaded https://repo1.maven.org/maven2/org/scalameta/scalameta_2.13/4.5.5/scalameta_2.13-4.5.5.jar
Downloaded https://repo1.maven.org/maven2/org/scalameta/common_2.13/4.5.5/common_2.13-4.5.5.jar
Downloaded https://repo1.maven.org/maven2/org/scalameta/scalafmt-core_2.13/3.5.3/scalafmt-core_2.13-3.5.3.jar
Downloaded https://repo1.maven.org/maven2/org/scalameta/trees_2.13/4.5.5/trees_2.13-4.5.5.jar
2022.08.03 00:46:35 WARN  no build target for: /Users/nisura/Desktop/untitled folder/SCS2204FunctionalProgramming/Tutorial 4/3.scala
2022.08.03 00:46:38 WARN  no build target for: /Users/nisura/Desktop/untitled folder/SCS2204FunctionalProgramming/Tutorial 4/3.scala
Aug 03, 2022 12:48:02 AM org.eclipse.lsp4j.jsonrpc.RemoteEndpoint handleCancellation
WARNING: Unmatched cancel notification for request id 957
2022.08.03 00:48:03 WARN  no build target for: /Users/nisura/Desktop/untitled folder/SCS2204FunctionalProgramming/Tutorial 4/3.scala
2022.08.03 00:48:18 WARN  no build target for: /Users/nisura/Desktop/untitled folder/SCS2204FunctionalProgramming/Tutorial 4/3.scala
2022.08.03 00:48:23 WARN  no build target for: /Users/nisura/Desktop/untitled folder/SCS2204FunctionalProgramming/Tutorial 4/3.scala
2022.08.03 00:54:53 WARN  no build target for: /Users/nisura/Desktop/untitled folder/SCS2204FunctionalProgramming/Tutorial 4/3.scala
2022.08.03 00:55:02 WARN  no build target for: /Users/nisura/Desktop/untitled folder/SCS2204FunctionalProgramming/Tutorial 4/3.scala
2022.08.03 00:55:17 WARN  no build target for: /Users/nisura/Desktop/untitled folder/SCS2204FunctionalProgramming/Tutorial 4/3.scala
2022.08.03 00:55:21 WARN  no build target for: /Users/nisura/Desktop/untitled folder/SCS2204FunctionalProgramming/Tutorial 4/3.scala
2022.08.03 00:55:31 WARN  no build target for: /Users/nisura/Desktop/untitled folder/SCS2204FunctionalProgramming/Tutorial 4/3.scala
2022.08.03 00:55:34 INFO  shutting down Metals
